C51 COMPILER V9.54   TIMER1                                                                03/10/2025 20:37:26 PAGE 1   


C51 COMPILER V9.54, COMPILATION OF MODULE TIMER1
OBJECT MODULE PLACED IN .\Objects\Timer1.obj
COMPILER INVOKED BY: D:\develop\Keil_v5\C51\BIN\C51.EXE Timer1.c OPTIMIZE(8,SPEED) BROWSE DEBUG OBJECTEXTEND PRINT(.\Lis
                    -tings\Timer1.lst) TABS(2) OBJECT(.\Objects\Timer1.obj)

line level    source

   1          #include <REGX52.H>
   2          
   3          
   4          void Timer1_Init(void)    //100微秒@12.000MHz
   5          {
   6   1        TMOD &= 0x0F;   //设置定时器模式
   7   1        TL1 = 0x9C;   //设置定时初值
   8   1        TH1 = 0xFF;   //设置定时初值
   9   1        TF1 = 0;    //清除TF1标志
  10   1        TR1 = 1;    //定时器1开始计时
  11   1      }


MODULE INFORMATION:   STATIC OVERLAYABLE
   CODE SIZE        =     14    ----
   CONSTANT SIZE    =   ----    ----
   XDATA SIZE       =   ----    ----
   PDATA SIZE       =   ----    ----
   DATA SIZE        =   ----    ----
   IDATA SIZE       =   ----    ----
   BIT SIZE         =   ----    ----
END OF MODULE INFORMATION.


C51 COMPILATION COMPLETE.  0 WARNING(S),  0 ERROR(S)
