C51 COMPILER V9.54   TRACKLINE                                                             04/04/2025 17:04:56 PAGE 1   


C51 COMPILER V9.54, COMPILATION OF MODULE TRACKLINE
OBJECT MODULE PLACED IN .\Objects\TrackLine.obj
COMPILER INVOKED BY: D:\develop\Keil_v5\C51\BIN\C51.EXE TrackLine.c OPTIMIZE(8,SPEED) BROWSE DEBUG OBJECTEXTEND PRINT(.\
                    -Listings\TrackLine.lst) TABS(2) OBJECT(.\Objects\TrackLine.obj)

line level    source

   1          #include <REGX52.H>
   2          #include "Motor.h"
   3          
   4          sbit Left=P0^0;
   5          sbit Middle_Left=P0^1;
   6          sbit Middle_Right=P0^2;
   7          sbit Right=P0^3; //定义红外传感器引脚
   8          
   9          void TrackLine(void)
  10          {
  11   1        if((Middle_Left == 1 && Middle_Right == 1) || (Middle_Left == 1 && Middle_Right == 1 && Left == 1 && Righ
             -t == 1)) //若黑线在正中间
  12   1        {
  13   2          Motor_Forward();  //直行
  14   2        }
  15   1        if(Right == 0 && Middle_Left == 1 && Middle_Right == 0 && Left == 0)
  16   1        {
  17   2          Motor_TurnLeft(); //向左微调
  18   2        }
  19   1        if(Left == 0 && Middle_Right == 1 && Middle_Left == 0 && Right == 0)
  20   1        {
  21   2          Motor_TurnRight(); //向右微调
  22   2        }
  23   1        if((Left == 1 && Middle_Left == 1 && Middle_Right == 1 && Right == 0) || (Left == 1 && Middle_Left == 0 &
             -& Middle_Right == 0 && Right == 0)) //若黑线在左边
  24   1        {
  25   2          Motor_TurnSharpLeft(); //左转
  26   2        }
  27   1        if((Middle_Right == 1 && Right == 1 && Middle_Left == 1 && Left == 0) || (Left == 0 && Middle_Left == 0 &
             -& Middle_Right == 0 && Right == 1)) //若黑线在右边
  28   1        {
  29   2          Motor_TurnSharpRight(); //右转
  30   2        }
  31   1        
  32   1      }


MODULE INFORMATION:   STATIC OVERLAYABLE
   CODE SIZE        =    106    ----
   CONSTANT SIZE    =   ----    ----
   XDATA SIZE       =   ----    ----
   PDATA SIZE       =   ----    ----
   DATA SIZE        =   ----    ----
   IDATA SIZE       =   ----    ----
   BIT SIZE         =   ----    ----
END OF MODULE INFORMATION.


C51 COMPILATION COMPLETE.  0 WARNING(S),  0 ERROR(S)
